<?xml version="1.0" encoding="UTF-8"?>
<beans xmlns="http://www.springframework.org/schema/beans"
	   xmlns:xsi="http://www.w3.org/2001/XMLSchema-instance"
	   xsi:schemaLocation="http://www.springframework.org/schema/beans http://www.springframework.org/schema/beans/spring-beans.xsd">

	<bean class="org.springframework.beans.factory.config.PropertyPlaceholderConfigurer">
		<property name="locations">
			<list>
				<value>classpath:test-db.properties</value>
			</list>
		</property>
		<property name="ignoreResourceNotFound" value="false"/>
	</bean>

	<import resource="database-config.xml"/>

	<bean class="org.akazakov.angularspring.utils.database.DatabasePopulator">
		<property name="userDao" ref="userDao"/>
	</bean>
</beans>